- No Mark Lee Seong- Jae 
- Yoo Ooh- Seong Bulldozer 
Dan There Ra - Kang Seong- Jin 
- Paint Yoo Ji- Tae 
Mr. Kim - Park Yeong- gyu 
- Hi- hee producer Kim 
Director - Kim Sang- Jin 
Naeher , Go in closer , Go in closer . 
Stop ! 
Volltanken . 
62, 000 won ! 
Don 't even cancel . 
Ready ? 
- Yeah . 
Let 's go . 
Freeze , asshole ! 
Mama ! 
molly , whatever you want ! 
Hoert but please stop here all broken strike ! 
Let 's get out of here . 
Attack the gas station . 
Ready ? 
- Yes ! 
Let 's go . 
Why is it going the gas station ? 
I 'm so fucking boring . 
Let 's go again rob the gas station . 
Let 's go . 
Just for fun ... 
Why the hell did you call him ? 
He 's so cheap . 
Hoer whining , you Memme . 
What the .. ? 
You ! 
Where 's the money ? 
That 's all we have today . 
I don 't luege . 
Honestly . 
30, 000 won ! 
Not so loud ! 
Call the Chinese restaurant again . 
Order the same again . 
Hello ? 
Hello ? Is there that Chinese restaurant ? 
I 'm from the gas station . 
We 're ordering more food . 
The same as before . 
It 's you who 's a Scheissdreck on all this to eat ! 
Mend it ! 
Yongari , Is everything all right ? 
Hoer anzupissen just for me . 
Shut the fuck up ! 
Son of a bitch ! 
Didn 't I tell you : Don 't do anything stupid ! ? ! 
Hey ! 
Quiet ! 
Okay . 
Who the hell is that ? 
The number one . 
Haeh ? 
I thought you waerst number one . 
That 's geaendert . 
You made it all up , stimms ? 
Cheer up ! 
Look at me 
Hey ! 
Both of you , come here . 
No , not again . 
It 's no fun anymore . 
Win ! 
Win ! 
Win ! 
Win ! 
Win ! 
Win ! 
Win ! 
Win ! 
Destroy it ! 
Win ! 
Win ! 
in 1957 was a substantial year . 
The Russians shot her Sputnik into space . 
The Dodgers played the last time in Ebbets Field ... and Brooklyn said goodbye . 
This guy shot on Frank Costello and missed him . 
The Gallo- brothers Iaid Albert Anastasia at the hairdresser . 
It 's been total chaos . 
When Anastasia was gone , held Vito Genovese himself for the boss . 
But Carlo Gambino ... and Joe Bananas saw it differently . 
She beriefen a meeting . 
A big meeting . 
It 's the first time that the whole Commission met . 
bosses and mobster from all over the country rollten . And all of New York families . 
On the 50 mob bosses , the whole world ... all came in this town in the north . 
. My father was driving with Dom Manetta and Tommy D. going . Fat Tommy . 
He led the family back then . 
A asshole said it would be a good idea , the meeting ... on Joe married to Barbara Hutton 's farm in the country to stop . 
Get away from the car ! 
I 'll make you to Geschnetzeltem ! 
Get off the car ! 
The cops in the place have Joe Barbara as the vulture haunted . A Deputy fell on the traffic and he verständigte the FBl . 
The meeting started not getting started . 
The FBI rückte ... and Bingo ! The bosses rückten out . 
My father and Dominic hidden in a field . 
Then comes the farmer . 
Dominic talks him full , while my father ... his 44 rauszieht and the tractor kapert . 
They say they 're so back to Bensonhurst . But my father told me she came just until Poughkeepsie . 
After that was Carlo Gambino anyway ... " Capo di tutti capi " , boss of bosses . That was the last time that the commission hit . 
I don 't like it . 
What do we need a meeting ? 
Each to his own business . 
1 957 went about how we split the country . 
This time it 's about how we survive . 
It 's in our ranks guys , the for the FBI spy . 
bosses sit in jail . 
People get killed without permission . 
That 's not all . We have the Chinese ... and the Russians crazy at the neck . 
Everything changes . 
We need to fit in . 
Let 's get a fucking Web site to ? 
When your dad died ... I gave him the promise that I would take care of you . 
This movie is based on a real Begebenheit 
Begebenheit Hanne ... 
Do that please on a plate . What ? 
- On a plate ! 
Probably American . 
- That 's right . 
Can I get you anything ? 
- Yeah . 
What time do you have ? 
Quarter past ten . 
- 9 hours Zeitverschiebung ! 
that I 'll never get used to the idea . 
Then you 're just arrived ? 
I should go to the dentist in California . 
But of a sudden they sending me here . I couldn 't even move . 
The guy I meet you , comes not from 12 . Is your time ? 
Yeah . It 's a quarter past ten . 
Then you meet an old friend ? 
He doesn 't know I 'm here . 
He knows me . 
But you could know him . He 's right next door . 
Arvid Blixen . 
Do you know him ? 
- No , this is my first day here . 
I 'm sure I can ask now you know why I want to meet him . 
Were there not 800 crowns in there ? Yes . 
- And where are they now ? 
It was my money , isn 't it ? - Yeah , but where is it now ? 
I got it bread for the world to charity . 
You did what ? - That was my money ... 
Arvid , you 're going to throw up . I wanted to buy from me pants . 
You already got ç0 pants . 
- You don 't give a fuck . You can 't just our 800 crowns verballern . 
I 've had enough . 
Do you think you for Ghandi or what ? 
Can 't we just eat breakfast together in peace ? 
Are you a Langeweiler . Against you is the Pollenbericht a bomb . 
Hold it up . You think I 'm a Spasti ? 
But without collateral Preben , we can 't you borrow 25, 000 . 
That 's her ! That 's ... 
- Is everything ready ? 
- You should relieve me not . 
I 've lusted , a shift to take over . 
He likes you . 
You look like him . 
- Bullshit . 
- We kill him . 
Morpheus thinks he 's the Chosen One . 
And you ? 
It doesn 't matter what I believe . 
You think it 's not , right ? 
- Did you hear that ? 
- What ? 
Is the line safe ? 
Of course . 
I 'm rather end . ' 
- Stop ! 
Police ! 
- Put your hands up ! 
Come on ! 
! Lieutenant . 
Oh , shit . 
Lieutenant , you had ausdrückliche instructions . 
I just do my job . 
If you give me Zuständigkeitsscheiß , you can come with me . 
The orders were to your protection . 
We 're done with the girl . 
I 've got two teams . 
You bring them out . 
No , Lieutenant . Your men are already dead . 
Shit . 
Morpheus , the line has been compromised . 
I know . 
The line is dead . 
No time . 
Find a way out . 
Are agents here ? 
Yeah . 
Son of a bitch . 
Focus . 
